* using log directory 'D:/missRanger/release/missRanger.Rcheck'
* using R version 3.6.0 (2019-04-26)
* using platform: x86_64-w64-mingw32 (64-bit)
* using session charset: ISO8859-1
* using option '--as-cran'
* checking for file 'missRanger/DESCRIPTION' ... OK
* checking extension type ... Package
* this is package 'missRanger' version '2.1.0'
* package encoding: UTF-8
* checking package namespace information ... OK
* checking package dependencies ... OK
* checking if this is a source package ... OK
* checking if there is a namespace ... OK
* checking for executable files ... OK
* checking for hidden files and directories ... OK
* checking for portable file names ... OK
* checking whether package 'missRanger' can be installed ... OK
* checking installed package size ... OK
* checking package directory ... OK
* checking for future file timestamps ... OK
* checking 'build' directory ... OK
* checking DESCRIPTION meta-information ... OK
* checking top-level files ... OK
* checking for left-over files ... OK
* checking index information ... OK
* checking package subdirectories ... OK
* checking R files for non-ASCII characters ... OK
* checking R files for syntax errors ... OK
* checking whether the package can be loaded ... OK
* checking whether the package can be loaded with stated dependencies ... OK
* checking whether the package can be unloaded cleanly ... OK
* checking whether the namespace can be loaded with stated dependencies ... OK
* checking whether the namespace can be unloaded cleanly ... OK
* checking loading without being on the library search path ... OK
* checking dependencies in R code ... OK
* checking S3 generic/method consistency ... OK
* checking replacement functions ... OK
* checking foreign function calls ... OK
* checking R code for possible problems ... OK
* checking Rd files ... OK
* checking Rd metadata ... OK
* checking Rd line widths ... OK
* checking Rd cross-references ... OK
* checking for missing documentation entries ... OK
* checking for code/documentation mismatches ... OK
* checking Rd \usage sections ... OK
* checking Rd contents ... OK
* checking for unstated dependencies in examples ... OK
* checking installed files from 'inst/doc' ... OK
* checking files in 'vignettes' ... OK
* checking examples ... OK
* checking for unstated dependencies in vignettes ... OK
* checking package vignettes in 'inst/doc' ... OK
* checking re-building of vignette outputs ... WARNING
Error(s) in re-building vignettes:
--- re-building 'missRanger.Rmd' using rmarkdown
Loading required package: dplyr

Attaching package: 'dplyr'

The following objects are masked from 'package:stats':

    filter, lag

The following objects are masked from 'package:base':

    intersect, setdiff, setequal, union

Loading required package: mice
Loading required package: lattice

Attaching package: 'mice'

The following objects are masked from 'package:base':

    cbind, rbind

Loading required package: survival
Warning: Unknown or uninitialised column: 'df.residual'.
Warning in pool.fitlist(getfit(object), dfcom = dfcom) :
  Large sample assumed.
pandoc.exe: <<loop>>
Error: processing vignette 'missRanger.Rmd' failed with diagnostics:
pandoc document conversion failed with error 1
--- failed re-building 'missRanger.Rmd'

SUMMARY: processing the following file failed:
  'missRanger.Rmd'

Error: Vignette re-building failed.
Execution halted

* checking PDF version of manual ... OK
* DONE
Status: 1 WARNING
