--- re-building 'missRanger.Rmd' using rmarkdown
Loading required package: dplyr

Attaching package: 'dplyr'

The following objects are masked from 'package:stats':

    filter, lag

The following objects are masked from 'package:base':

    intersect, setdiff, setequal, union

Loading required package: mice
Loading required package: lattice

Attaching package: 'mice'

The following objects are masked from 'package:base':

    cbind, rbind

Loading required package: survival
Warning: Unknown or uninitialised column: 'df.residual'.
Warning in pool.fitlist(getfit(object), dfcom = dfcom) :
  Large sample assumed.
pandoc.exe: <<loop>>
Error: processing vignette 'missRanger.Rmd' failed with diagnostics:
pandoc document conversion failed with error 1
--- failed re-building 'missRanger.Rmd'

SUMMARY: processing the following file failed:
  'missRanger.Rmd'

Error: Vignette re-building failed.
Execution halted
